<?xml version="1.0" encoding="UTF-8"?>
<!-- Generated by org.testng.reporters.JUnitReportReporter -->
<testsuite skipped="0" hostname="LAPTOP-MIL7REQD" name="RestAssuredPracticeOne.ParameterExampleOne" tests="1" failures="0" timestamp="2020-07-07T05:07:43 EDT" time="2.072" errors="0">
  <testcase name="test_delete" time="2.072" classname="RestAssuredPracticeOne.ParameterExampleOne"/>
  <system-out/>
</testsuite> <!-- RestAssuredPracticeOne.ParameterExampleOne -->
