<?xml version="1.0" encoding="UTF-8"?>
<!-- Generated by org.testng.reporters.JUnitReportReporter -->
<testsuite skipped="0" hostname="LAPTOP-MIL7REQD" name="utils.ExcelUtilsTest" tests="1" failures="0" timestamp="2020-07-10T02:41:08 EDT" time="0.771" errors="0">
  <testcase name="excelUtilityTest" time="0.771" classname="utils.ExcelUtilsTest"/>
  <system-out/>
</testsuite> <!-- utils.ExcelUtilsTest -->
