<?xml version="1.0" encoding="UTF-8"?>
<!-- Generated by org.testng.reporters.JUnitReportReporter -->
<testsuite skipped="0" hostname="LAPTOP-MIL7REQD" name="RestAssuredPracticeOne.DataDrivenExampleOne" tests="3" failures="0" timestamp="2020-07-07T04:59:04 EDT" time="2.570" errors="0">
  <testcase name="test_post_newUser" time="2.512" classname="RestAssuredPracticeOne.DataDrivenExampleOne"/>
  <system-out/>
  <testcase name="test_post_newUser" time="0.030" classname="RestAssuredPracticeOne.DataDrivenExampleOne"/>
  <system-out/>
  <testcase name="test_post_newUser" time="0.028" classname="RestAssuredPracticeOne.DataDrivenExampleOne"/>
  <system-out/>
</testsuite> <!-- RestAssuredPracticeOne.DataDrivenExampleOne -->
