<?xml version="1.0" encoding="UTF-8"?>
<!-- Generated by org.testng.reporters.JUnitReportReporter -->
<testsuite skipped="0" hostname="LAPTOP-MIL7REQD" name="GetTestTwo" tests="1" failures="0" timestamp="2020-06-27T05:34:11 EDT" time="3.714" errors="0">
  <testcase name="test_01" time="3.714" classname="GetTestTwo"/>
  <system-out/>
</testsuite> <!-- GetTestTwo -->
