<?xml version="1.0" encoding="UTF-8"?>
<!-- Generated by org.testng.reporters.JUnitReportReporter -->
<testsuite skipped="0" hostname="LAPTOP-MIL7REQD" name="GetTestOne" tests="1" failures="0" timestamp="2020-06-27T03:06:36 EDT" time="2.501" errors="0">
  <testcase name="test_01" time="2.501" classname="GetTestOne"/>
  <system-out/>
</testsuite> <!-- GetTestOne -->
