<?xml version="1.0" encoding="UTF-8"?>
<!-- Generated by org.testng.reporters.JUnitReportReporter -->
<testsuite skipped="0" hostname="LAPTOP-MIL7REQD" name="PostTestOne" tests="4" failures="0" timestamp="2020-06-27T06:08:07 EDT" time="4.124" errors="0">
  <testcase name="test_put_02" time="0.444" classname="PostTestOne"/>
  <system-out/>
  <testcase name="test_patch_03" time="0.513" classname="PostTestOne"/>
  <system-out/>
  <testcase name="test_post_01" time="0.412" classname="PostTestOne"/>
  <system-out/>
  <testcase name="test_delete_04" time="2.755" classname="PostTestOne"/>
  <system-out/>
</testsuite> <!-- PostTestOne -->
