<?xml version="1.0" encoding="UTF-8"?>
<!-- Generated by org.testng.reporters.JUnitReportReporter -->
<testsuite skipped="0" hostname="LAPTOP-MIL7REQD" name="GetTestStaticImportOne" tests="2" failures="0" timestamp="2020-06-27T03:48:38 EDT" time="3.617" errors="0">
  <testcase name="test_02" time="1.129" classname="GetTestStaticImportOne"/>
  <system-out/>
  <testcase name="test_01" time="2.488" classname="GetTestStaticImportOne"/>
  <system-out/>
</testsuite> <!-- GetTestStaticImportOne -->
